one/build/app/outputs/mapping/release/seeds.txt
com.example.one.MainActivity: MainActivity()
com.example.one.MainActivity
...
androidx.window.java.layout.WindowInfoTrackerCallbackAdapter$addListener$1$1$invokeSuspend$$inlined$collect$1: java.lang.Object emit(java.lang.Object,kotlin.coroutines.Continuation)
com.google.android.gms.internal.measurement.zzgf: int zzf
androidx.window.layout.SidecarCompat$TranslatingCallback: androidx.window.layout.SidecarCompat this$0
androidx.window.layout.WindowMetricsCalculator$Companion$decorator$1: WindowMetricsCalculator$Companion$decorator$1()
androidx.window.embedding.ExtensionEmbeddingBackend: java.util.concurrent.locks.ReentrantLock access$getGlobalLock$cp()
androidx.window.layout.SidecarCompat$registerConfigurationChangeListener$configChangeObserver$1
kotlin.reflect.KVisibility: kotlin.reflect.KVisibility valueOf(java.lang.String)
androidx.window.java.layout.WindowInfoTrackerCallbackAdapter$addListener$1$1$invokeSuspend$$inlined$collect$1: androidx.core.util.Consumer $consumer$inlined
kotlin.jvm.internal.CallableReference: java.lang.Object receiver
androidx.window.layout.FoldingFeature$State
kotlinx.coroutines.channels.ConflatedChannel
androidx.window.core.Bounds: int bottom
io.flutter.plugin.editing.ImeSyncDeferringInsetsCallback$AnimationCallback: void onEnd(android.view.WindowInsetsAnimation)
io.flutter.embedding.android.FlutterSplashView$SavedState: android.os.Parcelable$Creator CREATOR
com.google.firebase.database.collection.LLRBNode$Color: com.google.firebase.database.collection.LLRBNode$Color[] values()
io.flutter.embedding.engine.FlutterOverlaySurface: FlutterOverlaySurface(int,android.view.Surface)
androidx.activity.OnBackPressedDispatcher$LifecycleOnBackPressedCancellable
io.flutter.embedding.engine.FlutterJNI
androidx.window.R$styleable: int SplitPairRule_splitMinWidth
androidx.window.layout.WindowMetricsCalculatorCompat: androidx.window.layout.WindowMetrics computeCurrentWindowMetrics(android.app.Activity)
androidx.window.embedding.SplitPairFilter: android.content.ComponentName getSecondaryActivityName()
androidx.window.R$attr
kotlinx.coroutines.scheduling.CoroutineScheduler$Worker
io.flutter.embedding.android.FlutterSplashView$SavedState: android.os.Bundle access$702(io.flutter.embedding.android.FlutterSplashView$SavedState,android.os.Bundle)
androidx.window.embedding.SplitPlaceholderRule: java.util.Set getFilters()
kotlinx.coroutines.CommonPool: java.util.concurrent.Executor pool
io.flutter.embedding.engine.systemchannels.PlatformChannel$SoundType: io.flutter.embedding.engine.systemchannels.PlatformChannel$SoundType valueOf(java.lang.String)
androidx.window.layout.ExtensionInterfaceCompat
androidx.window.embedding.SplitRule: float getSplitRatio()
androidx.window.layout.ExtensionWindowLayoutInfoBackend
androidx.lifecycle.Lifecycle$Event: androidx.lifecycle.Lifecycle$Event ON_ANY
androidx.window.embedding.EmbeddingRule
androidx.window.layout.FoldingFeature$State: java.lang.String description
io.flutter.embedding.engine.FlutterJNI: void removeEngineLifecycleListener(io.flutter.embedding.engine.FlutterEngine$EngineLifecycleListener)
androidx.window.core.Version: int getMinor()
io.flutter.embedding.engine.FlutterJNI: java.lang.String observatoryUri
androidx.window.embedding.EmbeddingRule: EmbeddingRule()
io.flutter.embedding.android.FlutterActivityLaunchConfigs$BackgroundMode: io.flutter.embedding.android.FlutterActivityLaunchConfigs$BackgroundMode[] values()
com.google.android.gms.internal.measurement.zzgq: java.lang.String zzf
com.google.android.gms.internal.measurement.zzfq: int zze
io.flutter.embedding.engine.FlutterJNI: long performNativeAttach(io.flutter.embedding.engine.FlutterJNI)
com.google.android.gms.internal.measurement.zzeh
io.flutter.plugins.firebase.database.FlutterFirebaseAppRegistrar: FlutterFirebaseAppRegistrar()
io.flutter.embedding.engine.renderer.SurfaceTextureWrapper: android.graphics.SurfaceTexture surfaceTexture()
androidx.window.embedding.SplitPairRule: SplitPairRule(java.util.Set,boolean,boolean,boolean,int,int,float,int,int,kotlin.jvm.internal.DefaultConstructorMarker)