one/build/app/outputs/mapping/release/mapping.txt
# compiler: R8
# compiler_version: 2.1.62
# min_api: 21
# pg_map_id: 28676e6
# common_typos_disable
...
com.google.android.gms.measurement.internal.zzjc -> e.a.a.a.h.b.l8:
    boolean zzd -> p
    com.google.android.gms.internal.measurement.zzcf zze -> q
    java.lang.String zza -> m
    com.google.android.gms.measurement.internal.zzp zzc -> o
    java.lang.String zzb -> n
    com.google.android.gms.measurement.internal.zzkb zzf -> r
com.google.android.gms.measurement.internal.zzjd -> e.a.a.a.h.b.m8:
    com.google.android.gms.measurement.internal.zzp zza -> m
    boolean zzb -> n
    com.google.android.gms.measurement.internal.zzkb zzd -> p
    com.google.android.gms.measurement.internal.zzll zzc -> o
com.google.android.gms.measurement.internal.zzjf -> e.a.a.a.h.b.n8:
    com.google.android.gms.measurement.internal.zzp zza -> m
    com.google.android.gms.measurement.internal.zzkb zzb -> n
com.google.android.gms.measurement.internal.zzjg -> e.a.a.a.h.b.o8:
    com.google.android.gms.measurement.internal.zzp zzb -> n
    com.google.android.gms.measurement.internal.zzkb zzc -> o
    java.util.concurrent.atomic.AtomicReference zza -> m
com.google.android.gms.measurement.internal.zzjh -> e.a.a.a.h.b.p8:
    com.google.android.gms.measurement.internal.zzp zza -> m
    com.google.android.gms.measurement.internal.zzkb zzc -> o
    com.google.android.gms.internal.measurement.zzcf zzb -> n
com.google.android.gms.measurement.internal.zzji -> e.a.a.a.h.b.q8:
    com.google.android.gms.measurement.internal.zzp zza -> m
    com.google.android.gms.measurement.internal.zzkb zzb -> n
com.google.android.gms.measurement.internal.zzjj -> e.a.a.a.h.b.r8:
    com.google.android.gms.measurement.internal.zziu zza -> m
    com.google.android.gms.measurement.internal.zzkb zzb -> n
com.google.android.gms.measurement.internal.zzjk -> e.a.a.a.h.b.s8:
    com.google.android.gms.measurement.internal.zzp zza -> m
    android.os.Bundle zzb -> n
    com.google.android.gms.measurement.internal.zzkb zzc -> o
com.google.android.gms.measurement.internal.zzjl -> e.a.a.a.h.b.t8:
    com.google.android.gms.measurement.internal.zzkb zza -> e
    void zzc() -> c
com.google.android.gms.measurement.internal.zzjm -> e.a.a.a.h.b.u8:
    com.google.android.gms.internal.measurement.zzcf zzc -> o
    com.google.android.gms.measurement.internal.zzkb zzd -> p
    com.google.android.gms.measurement.internal.zzav zza -> m
    java.lang.String zzb -> n
com.google.android.gms.measurement.internal.zzjn -> e.a.a.a.h.b.v8:
    com.google.android.gms.measurement.internal.zzkb zza -> e
    void zzc() -> c
com.google.android.gms.measurement.internal.zzjo -> e.a.a.a.h.b.w8:
    com.google.android.gms.measurement.internal.zzp zza -> m
    com.google.android.gms.measurement.internal.zzkb zzb -> n
com.google.android.gms.measurement.internal.zzjp -> e.a.a.a.h.b.x8:
    com.google.android.gms.measurement.internal.zzp zza -> m
    com.google.android.gms.measurement.internal.zzkb zzb -> n
com.google.android.gms.measurement.internal.zzjq -> e.a.a.a.h.b.y8:
    com.google.android.gms.measurement.internal.zzp zza -> m
    boolean zzb -> n
    com.google.android.gms.measurement.internal.zzkb zze -> p
    com.google.android.gms.measurement.internal.zzav zzc -> o
com.google.android.gms.measurement.internal.zzjr -> e.a.a.a.h.b.z8:
    com.google.android.gms.measurement.internal.zzp zza -> m
    boolean zzb -> n
    com.google.android.gms.measurement.internal.zzkb zze -> p
    com.google.android.gms.measurement.internal.zzab zzc -> o
com.google.android.gms.measurement.internal.zzjs -> e.a.a.a.h.b.a9:
    com.google.android.gms.measurement.internal.zzp zzd -> p
    java.lang.String zzc -> o
    java.lang.String zzb -> n
    com.google.android.gms.measurement.internal.zzkb zze -> q
    java.util.concurrent.atomic.AtomicReference zza -> m