one/build/app/outputs/mapping/release/usage.txt
com.example.one.R$color
com.example.one.R$dimen
com.example.one.R$layout
com.example.one.R$attr
com.example.one.R$style
com.example.one.R$integer
com.example.one.R$mipmap
com.example.one.R$id
com.example.one.BuildConfig
com.example.one.R
com.example.one.R$string
com.example.one.R$drawable
com.example.one.R$styleable
...
kotlinx.coroutines.channels.TickerMode
kotlin.KotlinNothingValueException:
    public void <init>(java.lang.String)
    public void <init>(java.lang.String,java.lang.Throwable)
    public void <init>(java.lang.Throwable)
kotlin.io.AccessDeniedException
com.google.firebase.installations.R$id
android.support.v4.os.IResultReceiver
com.google.firebase.BuildConfig
kotlinx.coroutines.flow.FlowKt__MergeKt$flatMapMerge$$inlined$map$1
kotlinx.coroutines.flow.StartedWhileSubscribed
androidx.annotation.UiContext
io.flutter.embedding.android.FlutterFragmentActivity
kotlin.collections.EmptySet:
    private final java.lang.Object readResolve()
    private static final long serialVersionUID
com.google.firebase.database.collection.LLRBNode$NodeVisitor:
    public boolean shouldContinue(java.lang.Object,java.lang.Object)
kotlinx.coroutines.internal.ExceptionsConstuctorKt$safeCtor$1
com.google.android.gms.base.R$color
com.google.android.gms.auth.api.signin.internal.zaa
kotlin.jvm.internal.ArrayLongIterator
com.google.android.gms.internal.common.zzp
kotlin.UByte$Companion
kotlin.sequences.TransformingIndexedSequence
io.github.ponnamkarthik.toast.fluttertoast.R$attr
androidx.core.view.PointerIconCompat
kotlin.collections.CollectionsKt:
    private void <init>()
kotlin.reflect.KParameter$DefaultImpls
androidx.annotation.ColorInt
kotlin.OptionalExpectation
kotlinx.coroutines.internal.ProbesSupportKt
androidx.core.content.ContentProviderCompat
kotlin.jvm.functions.Function21:
    public abstract java.lang.Object invoke(java.lang.Object,java.lang.Object,java.lang.Object,java.lang.Object,java.lang.Object,java.lang.Object,java.lang.Object,java.lang.Object,java.lang.Object,java.lang.Object,java.lang.Object,java.lang.Object,java.lang.Object,java.lang.Object,java.lang.Object,java.lang.Object,java.lang.Object,java.lang.Object,java.lang.Object,java.lang.Object,java.lang.Object)
com.google.firebase.R$id
androidx.viewpager.widget.ViewPager$ItemInfo
kotlinx.coroutines.internal.LockFreeTaskQueueKt
com.google.android.gms.common.data.zad
com.google.firebase.database.android.package-info
com.yanisalfian.flutterphonedirectcaller.R$dimen
androidx.viewpager.widget.ViewPager$1
com.google.firebase.analytics.connector.AnalyticsConnector$ConditionalUserProperty
com.google.android.gms.internal.common.zzae
io.flutter.plugin.common.ErrorLogResult
com.google.android.gms.common.internal.zzr:
    final void zzi(android.os.Looper)
androidx.core.app.ActivityOptionsCompat
kotlinx.coroutines.flow.FlowKt__BuildersKt$asFlow$$inlined$unsafeFlow$6$1
kotlinx.coroutines.flow.internal.ChannelLimitedFlowMerge
io.flutter.embedding.engine.deferredcomponents.DeferredComponentManager:
    public abstract void loadAssets(int,java.lang.String)
    public abstract void loadDartLibrary(int,java.lang.String)
androidx.customview.widget.FocusStrategy$BoundsAdapter
com.google.android.gms.signin.internal.SignInClientImpl:
    public final void zaa()
    public final void zac(com.google.android.gms.common.internal.IAccountAccessor,boolean)
kotlinx.coroutines.flow.ThrowingCollector
kotlin.sequences.FilteringSequence$iterator$1
androidx.core.view.WindowInsetsCompat$Builder
kotlinx.coroutines.DefaultExecutor:
    private static synthetic void get_thread$annotations()
    public kotlinx.coroutines.DisposableHandle invokeOnTimeout(long,java.lang.Runnable,kotlin.coroutines.CoroutineContext)
    public final synchronized void ensureStarted$kotlinx_coroutines_core()
    public final synchronized void shutdown(long)
    public final boolean isThreadPresent$kotlinx_coroutines_core()
    public static final java.lang.String THREAD_NAME
    private static final long DEFAULT_KEEP_ALIVE
    private static final int FRESH
    private static final int ACTIVE
    private static final int SHUTDOWN_REQ
    private static final int SHUTDOWN_ACK
com.google.android.gms.common.api.internal.zaat
kotlin.io.FilePathComponents
com.google.android.gms.common.config.zze
kotlinx.coroutines.flow.StateFlow